<?xml version="1.0" encoding="UTF-8"?>
<testsuite name="com.zsquare.ezpzservices.EzpzServicesApplicationTests" tests="1" skipped="0" failures="0" errors="0" timestamp="2020-11-21T23:36:50" hostname="l10g287" time="0.416">
  <properties/>
  <testcase name="contextLoads()" classname="com.zsquare.ezpzservices.EzpzServicesApplicationTests" time="0.416"/>
  <system-out><![CDATA[17:36:47.304 [Test worker] DEBUG org.springframework.test.context.BootstrapUtils - Instantiating CacheAwareContextLoaderDelegate from class [org.springframework.test.context.cache.DefaultCacheAwareContextLoaderDelegate]
17:36:47.322 [Test worker] DEBUG org.springframework.test.context.BootstrapUtils - Instantiating BootstrapContext using constructor [public org.springframework.test.context.support.DefaultBootstrapContext(java.lang.Class,org.springframework.test.context.CacheAwareContextLoaderDelegate)]
17:36:47.367 [Test worker] DEBUG org.springframework.test.context.BootstrapUtils - Instantiating TestContextBootstrapper for test class [com.zsquare.ezpzservices.EzpzServicesApplicationTests] from class [org.springframework.boot.test.context.SpringBootTestContextBootstrapper]
17:36:47.382 [Test worker] INFO org.springframework.boot.test.context.SpringBootTestContextBootstrapper - Neither @ContextConfiguration nor @ContextHierarchy found for test class [com.zsquare.ezpzservices.EzpzServicesApplicationTests], using SpringBootContextLoader
17:36:47.386 [Test worker] DEBUG org.springframework.test.context.support.AbstractContextLoader - Did not detect default resource location for test class [com.zsquare.ezpzservices.EzpzServicesApplicationTests]: class path resource [com/zsquare/ezpzservices/EzpzServicesApplicationTests-context.xml] does not exist
17:36:47.387 [Test worker] DEBUG org.springframework.test.context.support.AbstractContextLoader - Did not detect default resource location for test class [com.zsquare.ezpzservices.EzpzServicesApplicationTests]: class path resource [com/zsquare/ezpzservices/EzpzServicesApplicationTestsContext.groovy] does not exist
17:36:47.387 [Test worker] INFO org.springframework.test.context.support.AbstractContextLoader - Could not detect default resource locations for test class [com.zsquare.ezpzservices.EzpzServicesApplicationTests]: no resource found for suffixes {-context.xml, Context.groovy}.
17:36:47.388 [Test worker] INFO org.springframework.test.context.support.AnnotationConfigContextLoaderUtils - Could not detect default configuration classes for test class [com.zsquare.ezpzservices.EzpzServicesApplicationTests]: EzpzServicesApplicationTests does not declare any static, non-private, non-final, nested classes annotated with @Configuration.
17:36:47.446 [Test worker] DEBUG org.springframework.test.context.support.ActiveProfilesUtils - Could not find an 'annotation declaring class' for annotation type [org.springframework.test.context.ActiveProfiles] and class [com.zsquare.ezpzservices.EzpzServicesApplicationTests]
17:36:47.523 [Test worker] DEBUG org.springframework.context.annotation.ClassPathScanningCandidateComponentProvider - Identified candidate component class: file [C:\Users\zealiz\Desktop\personal\zakir\ezpz\ezpz-services\build\classes\java\main\com\zsquare\ezpzservices\EzpzServicesApplication.class]
17:36:47.525 [Test worker] INFO org.springframework.boot.test.context.SpringBootTestContextBootstrapper - Found @SpringBootConfiguration com.zsquare.ezpzservices.EzpzServicesApplication for test class com.zsquare.ezpzservices.EzpzServicesApplicationTests
17:36:47.670 [Test worker] DEBUG org.springframework.boot.test.context.SpringBootTestContextBootstrapper - @TestExecutionListeners is not present for class [com.zsquare.ezpzservices.EzpzServicesApplicationTests]: using defaults.
17:36:47.671 [Test worker] INFO org.springframework.boot.test.context.SpringBootTestContextBootstrapper - Loaded default TestExecutionListener class names from location [META-INF/spring.factories]: [org.springframework.boot.test.autoconfigure.restdocs.RestDocsTestExecutionListener, org.springframework.boot.test.autoconfigure.web.client.MockRestServiceServerResetTestExecutionListener, org.springframework.boot.test.autoconfigure.web.servlet.MockMvcPrintOnlyOnFailureTestExecutionListener, org.springframework.boot.test.autoconfigure.web.servlet.WebDriverTestExecutionListener, org.springframework.boot.test.autoconfigure.webservices.client.MockWebServiceServerTestExecutionListener, org.springframework.boot.test.mock.mockito.MockitoTestExecutionListener, org.springframework.boot.test.mock.mockito.ResetMocksTestExecutionListener, org.springframework.test.context.web.ServletTestExecutionListener, org.springframework.test.context.support.DirtiesContextBeforeModesTestExecutionListener, org.springframework.test.context.support.DependencyInjectionTestExecutionListener, org.springframework.test.context.support.DirtiesContextTestExecutionListener, org.springframework.test.context.transaction.TransactionalTestExecutionListener, org.springframework.test.context.jdbc.SqlScriptsTestExecutionListener, org.springframework.test.context.event.EventPublishingTestExecutionListener]
17:36:47.684 [Test worker] DEBUG org.springframework.boot.test.context.SpringBootTestContextBootstrapper - Skipping candidate TestExecutionListener [org.springframework.test.context.transaction.TransactionalTestExecutionListener] due to a missing dependency. Specify custom listener classes or make the default listener classes and their required dependencies available. Offending class: [org/springframework/transaction/interceptor/TransactionAttributeSource]
17:36:47.685 [Test worker] DEBUG org.springframework.boot.test.context.SpringBootTestContextBootstrapper - Skipping candidate TestExecutionListener [org.springframework.test.context.jdbc.SqlScriptsTestExecutionListener] due to a missing dependency. Specify custom listener classes or make the default listener classes and their required dependencies available. Offending class: [org/springframework/transaction/interceptor/TransactionAttribute]
17:36:47.686 [Test worker] INFO org.springframework.boot.test.context.SpringBootTestContextBootstrapper - Using TestExecutionListeners: [org.springframework.test.context.web.ServletTestExecutionListener@185dc1d0, org.springframework.test.context.support.DirtiesContextBeforeModesTestExecutionListener@a603635, org.springframework.boot.test.mock.mockito.MockitoTestExecutionListener@4b42b07, org.springframework.boot.test.autoconfigure.SpringBootDependencyInjectionTestExecutionListener@5fa36919, org.springframework.test.context.support.DirtiesContextTestExecutionListener@2906607c, org.springframework.test.context.event.EventPublishingTestExecutionListener@22dc2af7, org.springframework.boot.test.autoconfigure.restdocs.RestDocsTestExecutionListener@795d1b8, org.springframework.boot.test.autoconfigure.web.client.MockRestServiceServerResetTestExecutionListener@43ba8bf2, org.springframework.boot.test.autoconfigure.web.servlet.MockMvcPrintOnlyOnFailureTestExecutionListener@59a50679, org.springframework.boot.test.autoconfigure.web.servlet.WebDriverTestExecutionListener@1aed1428, org.springframework.boot.test.autoconfigure.webservices.client.MockWebServiceServerTestExecutionListener@33dc0edc, org.springframework.boot.test.mock.mockito.ResetMocksTestExecutionListener@24aee64e]
17:36:47.691 [Test worker] DEBUG org.springframework.test.context.support.AbstractDirtiesContextTestExecutionListener - Before test class: context [DefaultTestContext@4b8c7957 testClass = EzpzServicesApplicationTests, testInstance = [null], testMethod = [null], testException = [null], mergedContextConfiguration = [WebMergedContextConfiguration@77edf5d8 testClass = EzpzServicesApplicationTests, locations = '{}', classes = '{class com.zsquare.ezpzservices.EzpzServicesApplication}', contextInitializerClasses = '[]', activeProfiles = '{}', propertySourceLocations = '{}', propertySourceProperties = '{org.springframework.boot.test.context.SpringBootTestContextBootstrapper=true}', contextCustomizers = set[org.springframework.boot.test.autoconfigure.actuate.metrics.MetricsExportContextCustomizerFactory$DisableMetricExportContextCustomizer@4f048ed, org.springframework.boot.test.autoconfigure.properties.PropertyMappingContextCustomizer@0, org.springframework.boot.test.autoconfigure.web.servlet.WebDriverContextCustomizerFactory$Customizer@2f0fc7cd, org.springframework.boot.test.context.filter.ExcludeFilterContextCustomizer@754a81c9, org.springframework.boot.test.json.DuplicateJsonObjectContextCustomizerFactory$DuplicateJsonObjectContextCustomizer@54758155, org.springframework.boot.test.mock.mockito.MockitoContextCustomizer@0, org.springframework.boot.test.web.client.TestRestTemplateContextCustomizer@14308de2, org.springframework.boot.test.web.reactive.server.WebTestClientContextCustomizer@5a8e896b, org.springframework.boot.test.context.SpringBootTestArgs@1, org.springframework.boot.test.context.SpringBootTestWebEnvironment@4aa04bf4], resourceBasePath = 'src/main/webapp', contextLoader = 'org.springframework.boot.test.context.SpringBootContextLoader', parent = [null]], attributes = map['org.springframework.test.context.web.ServletTestExecutionListener.activateListener' -> true]], class annotated with @DirtiesContext [false] with mode [null].
17:36:47.750 [Test worker] DEBUG org.springframework.test.context.support.TestPropertySourceUtils - Adding inlined properties to environment: {spring.jmx.enabled=false, org.springframework.boot.test.context.SpringBootTestContextBootstrapper=true}

  .   ____          _            __ _ _
 /\\ / ___'_ __ _ _(_)_ __  __ _ \ \ \ \
( ( )\___ | '_ | '_| | '_ \/ _` | \ \ \ \
 \\/  ___)| |_)| | | | | || (_| |  ) ) ) )
  '  |____| .__|_| |_|_| |_\__, | / / / /
 =========|_|==============|___/=/_/_/_/
 :: Spring Boot ::                (v2.4.0)

2020-11-21 17:36:48.126  INFO 26376 --- [    Test worker] c.z.e.EzpzServicesApplicationTests       : Starting EzpzServicesApplicationTests using Java 11.0.4 on l10g287 with PID 26376 (started by zealiz in C:\Users\zealiz\Desktop\personal\zakir\ezpz\ezpz-services)
2020-11-21 17:36:48.129  INFO 26376 --- [    Test worker] c.z.e.EzpzServicesApplicationTests       : No active profile set, falling back to default profiles: default
2020-11-21 17:36:49.782  INFO 26376 --- [    Test worker] o.s.s.concurrent.ThreadPoolTaskExecutor  : Initializing ExecutorService 'applicationTaskExecutor'
2020-11-21 17:36:50.380  INFO 26376 --- [    Test worker] o.s.b.a.e.web.EndpointLinksResolver      : Exposing 2 endpoint(s) beneath base path '/actuator'
2020-11-21 17:36:50.450  INFO 26376 --- [    Test worker] c.z.e.EzpzServicesApplicationTests       : Started EzpzServicesApplicationTests in 2.691 seconds (JVM running for 4.49)
]]></system-out>
  <system-err><![CDATA[]]></system-err>
</testsuite>
